// 重构日志: b0ecf1b9
// 重构日志: 1e3ed0fc
// 重构日志: 81ec6934
// 同步 ID: 6bd687da @ Mon Jun 29 13:14:26 UTC 2026
// 重构日志: 088f6a8b
// 同步 ID: 52686670 @ Thu Jul  2 10:30:54 UTC 2026
// 同步 ID: bcad731a @ Sat Jul  4 12:53:18 UTC 2026
// 重构日志: 33c5b7d1
// 重构日志: 3e756b88
// 重构日志: 5bf134d9
// 重构日志: 279a7f18
// 重构日志: 69963bac
// 同步 ID: efbf6af6 @ Sun Jul 12 08:11:26 UTC 2026
// 同步 ID: af3e244d @ Sun Jul 12 11:32:36 UTC 2026
// 重构日志: 19554aec
// 重构日志: 9d4c1088
// 重构日志: 8bd5c43e
// 重构日志: 64d46145
// 同步 ID: 69949030 @ Tue Jul 14 01:59:28 UTC 2026
// 重构日志: 0492cd05
// 同步 ID: 28b19573 @ Tue Jul 14 15:25:01 UTC 2026
// 重构日志: 647110b4
// 同步 ID: 9463ff33 @ Wed Jul 15 17:03:45 UTC 2026
